{"/home/daniel/project Igma/src/app.ts": {"path":"/home/daniel/project Igma/src/app.ts","statementMap":{"0":{"start":{"line":1,"column":0},"end":{"line":1,"column":24}},"1":{"start":{"line":2,"column":0},"end":{"line":2,"column":67}},"2":{"start":{"line":3,"column":0},"end":{"line":3,"column":30}},"3":{"start":{"line":4,"column":0},"end":{"line":4,"column":57}},"4":{"start":{"line":6,"column":0},"end":{"line":6,"column":51}},"5":{"start":{"line":8,"column":12},"end":{"line":8,"column":21}},"6":{"start":{"line":9,"column":0},"end":{"line":9,"column":16}},"7":{"start":{"line":10,"column":0},"end":{"line":10,"column":24}},"8":{"start":{"line":11,"column":0},"end":{"line":11,"column":31}},"9":{"start":{"line":12,"column":0},"end":{"line":14,"column":2}},"10":{"start":{"line":13,"column":2},"end":{"line":13,"column":53}},"11":{"start":{"line":16,"column":0},"end":{"line":16,"column":19}}},"fnMap":{"0":{"name":"(anonymous_1)","decl":{"start":{"line":12,"column":8},"end":{"line":12,"column":9}},"loc":{"start":{"line":13,"column":2},"end":{"line":13,"column":53}}}},"branchMap":{},"s":{"0":1,"1":1,"2":1,"3":1,"4":1,"5":1,"6":1,"7":1,"8":1,"9":1,"10":16,"11":1},"f":{"0":16},"b":{}}
,"/home/daniel/project Igma/src/database.ts": {"path":"/home/daniel/project Igma/src/database.ts","statementMap":{"0":{"start":{"line":1,"column":0},"end":{"line":1,"column":33}},"1":{"start":{"line":3,"column":25},"end":{"line":3,"column":28}},"2":{"start":{"line":4,"column":13},"end":{"line":4,"column":41}}},"fnMap":{},"branchMap":{},"s":{"0":1,"1":1,"2":1},"f":{},"b":{}}
,"/home/daniel/project Igma/src/controllers/usersControllers.ts": {"path":"/home/daniel/project Igma/src/controllers/usersControllers.ts","statementMap":{"0":{"start":{"line":2,"column":0},"end":{"line":2,"column":53}},"1":{"start":{"line":3,"column":0},"end":{"line":3,"column":56}},"2":{"start":{"line":12,"column":12},"end":{"line":12,"column":27}},"3":{"start":{"line":13,"column":12},"end":{"line":13,"column":25}},"4":{"start":{"line":17,"column":21},"end":{"line":17,"column":24}},"5":{"start":{"line":18,"column":19},"end":{"line":18,"column":67}},"6":{"start":{"line":19,"column":4},"end":{"line":19,"column":22}},"7":{"start":{"line":20,"column":4},"end":{"line":20,"column":45}},"8":{"start":{"line":21,"column":4},"end":{"line":21,"column":24}},"9":{"start":{"line":25,"column":20},"end":{"line":25,"column":49}},"10":{"start":{"line":26,"column":4},"end":{"line":31,"column":null}},"11":{"start":{"line":27,"column":6},"end":{"line":30,"column":8}},"12":{"start":{"line":32,"column":19},"end":{"line":32,"column":62}},"13":{"start":{"line":33,"column":17},"end":{"line":33,"column":61}},"14":{"start":{"line":34,"column":4},"end":{"line":39,"column":null}},"15":{"start":{"line":35,"column":6},"end":{"line":38,"column":8}},"16":{"start":{"line":40,"column":4},"end":{"line":40,"column":31}},"17":{"start":{"line":44,"column":21},"end":{"line":44,"column":50}},"18":{"start":{"line":45,"column":18},"end":{"line":45,"column":59}},"19":{"start":{"line":46,"column":4},"end":{"line":46,"column":32}},"20":{"start":{"line":50,"column":0},"end":{"line":50,"column":31}}},"fnMap":{"0":{"name":"(anonymous_8)","decl":{"start":{"line":11,"column":2},"end":{"line":11,"column":null}},"loc":{"start":{"line":13,"column":42},"end":{"line":14,"column":6}}},"1":{"name":"(anonymous_9)","decl":{"start":{"line":16,"column":15},"end":{"line":16,"column":21}},"loc":{"start":{"line":16,"column":49},"end":{"line":22,"column":null}}},"2":{"name":"(anonymous_11)","decl":{"start":{"line":24,"column":15},"end":{"line":24,"column":22}},"loc":{"start":{"line":24,"column":50},"end":{"line":41,"column":null}}},"3":{"name":"(anonymous_13)","decl":{"start":{"line":43,"column":15},"end":{"line":43,"column":26}},"loc":{"start":{"line":43,"column":54},"end":{"line":47,"column":null}}}},"branchMap":{"0":{"loc":{"start":{"line":12,"column":12},"end":{"line":12,"column":46}},"type":"default-arg","locations":[{"start":{"line":12,"column":27},"end":{"line":12,"column":46}}]},"1":{"loc":{"start":{"line":13,"column":12},"end":{"line":13,"column":42}},"type":"default-arg","locations":[{"start":{"line":13,"column":25},"end":{"line":13,"column":42}}]},"2":{"loc":{"start":{"line":26,"column":4},"end":{"line":31,"column":null}},"type":"if","locations":[{"start":{"line":26,"column":4},"end":{"line":31,"column":null}}]},"3":{"loc":{"start":{"line":34,"column":4},"end":{"line":39,"column":null}},"type":"if","locations":[{"start":{"line":34,"column":4},"end":{"line":39,"column":null}}]}},"s":{"0":1,"1":1,"2":21,"3":21,"4":14,"5":14,"6":7,"7":7,"8":6,"9":4,"10":4,"11":1,"12":3,"13":2,"14":2,"15":1,"16":1,"17":3,"18":3,"19":2,"20":1},"f":{"0":21,"1":14,"2":4,"3":3},"b":{"0":[21],"1":[21],"2":[1],"3":[1]}}
,"/home/daniel/project Igma/src/middlewares/errorHandler.ts": {"path":"/home/daniel/project Igma/src/middlewares/errorHandler.ts","statementMap":{"0":{"start":{"line":2,"column":22},"end":{"line":2,"column":28}},"1":{"start":{"line":2,"column":41},"end":{"line":2,"column":47}},"2":{"start":{"line":2,"column":60},"end":{"line":2,"column":67}},"3":{"start":{"line":5,"column":4},"end":{"line":5,"column":23}},"4":{"start":{"line":6,"column":4},"end":{"line":7,"column":54}},"5":{"start":{"line":7,"column":6},"end":{"line":7,"column":54}},"6":{"start":{"line":8,"column":4},"end":{"line":9,"column":54}},"7":{"start":{"line":9,"column":6},"end":{"line":9,"column":54}},"8":{"start":{"line":10,"column":4},"end":{"line":11,"column":54}},"9":{"start":{"line":11,"column":6},"end":{"line":11,"column":54}},"10":{"start":{"line":12,"column":4},"end":{"line":12,"column":37}},"11":{"start":{"line":13,"column":4},"end":{"line":13,"column":16}},"12":{"start":{"line":1,"column":0},"end":{"line":1,"column":21}}},"fnMap":{"0":{"name":"(anonymous_0)","decl":{"start":{"line":2,"column":2},"end":{"line":2,"column":22}},"loc":{"start":{"line":2,"column":71},"end":{"line":2,"column":75}}},"1":{"name":"(anonymous_1)","decl":{"start":{"line":4,"column":9},"end":{"line":4,"column":20}},"loc":{"start":{"line":4,"column":31},"end":{"line":14,"column":3}}}},"branchMap":{"0":{"loc":{"start":{"line":2,"column":22},"end":{"line":2,"column":31}},"type":"default-arg","locations":[{"start":{"line":2,"column":28},"end":{"line":2,"column":31}}]},"1":{"loc":{"start":{"line":2,"column":41},"end":{"line":2,"column":50}},"type":"default-arg","locations":[{"start":{"line":2,"column":47},"end":{"line":2,"column":50}}]},"2":{"loc":{"start":{"line":2,"column":60},"end":{"line":2,"column":71}},"type":"default-arg","locations":[{"start":{"line":2,"column":67},"end":{"line":2,"column":71}}]},"3":{"loc":{"start":{"line":6,"column":4},"end":{"line":7,"column":54}},"type":"if","locations":[{"start":{"line":6,"column":4},"end":{"line":7,"column":54}}]},"4":{"loc":{"start":{"line":8,"column":4},"end":{"line":9,"column":54}},"type":"if","locations":[{"start":{"line":8,"column":4},"end":{"line":9,"column":54}}]},"5":{"loc":{"start":{"line":10,"column":4},"end":{"line":11,"column":54}},"type":"if","locations":[{"start":{"line":10,"column":4},"end":{"line":11,"column":54}}]}},"s":{"0":16,"1":16,"2":16,"3":16,"4":16,"5":1,"6":15,"7":1,"8":14,"9":14,"10":0,"11":0,"12":1},"f":{"0":16,"1":16},"b":{"0":[0],"1":[0],"2":[0],"3":[1],"4":[1],"5":[14]}}
,"/home/daniel/project Igma/src/middlewares/schemaVerifier.ts": {"path":"/home/daniel/project Igma/src/middlewares/schemaVerifier.ts","statementMap":{"0":{"start":{"line":2,"column":22},"end":{"line":2,"column":28}},"1":{"start":{"line":2,"column":41},"end":{"line":2,"column":47}},"2":{"start":{"line":2,"column":60},"end":{"line":2,"column":67}},"3":{"start":{"line":4,"column":22},"end":{"line":4,"column":75}},"4":{"start":{"line":5,"column":4},"end":{"line":12,"column":null}},"5":{"start":{"line":6,"column":6},"end":{"line":11,"column":8}},"6":{"start":{"line":9,"column":43},"end":{"line":9,"column":57}},"7":{"start":{"line":13,"column":16},"end":{"line":13,"column":24}},"8":{"start":{"line":14,"column":4},"end":{"line":14,"column":16}},"9":{"start":{"line":1,"column":0},"end":{"line":1,"column":21}}},"fnMap":{"0":{"name":"(anonymous_0)","decl":{"start":{"line":2,"column":2},"end":{"line":2,"column":22}},"loc":{"start":{"line":2,"column":71},"end":{"line":2,"column":75}}},"1":{"name":"(anonymous_1)","decl":{"start":{"line":3,"column":9},"end":{"line":3,"column":15}},"loc":{"start":{"line":3,"column":27},"end":{"line":15,"column":3}}},"2":{"name":"(anonymous_2)","decl":{"start":{"line":9,"column":10},"end":{"line":9,"column":11}},"loc":{"start":{"line":9,"column":43},"end":{"line":9,"column":57}}}},"branchMap":{"0":{"loc":{"start":{"line":2,"column":22},"end":{"line":2,"column":31}},"type":"default-arg","locations":[{"start":{"line":2,"column":28},"end":{"line":2,"column":31}}]},"1":{"loc":{"start":{"line":2,"column":41},"end":{"line":2,"column":50}},"type":"default-arg","locations":[{"start":{"line":2,"column":47},"end":{"line":2,"column":50}}]},"2":{"loc":{"start":{"line":2,"column":60},"end":{"line":2,"column":71}},"type":"default-arg","locations":[{"start":{"line":2,"column":67},"end":{"line":2,"column":71}}]},"3":{"loc":{"start":{"line":5,"column":4},"end":{"line":12,"column":null}},"type":"if","locations":[{"start":{"line":5,"column":4},"end":{"line":12,"column":null}}]}},"s":{"0":18,"1":18,"2":18,"3":18,"4":18,"5":4,"6":4,"7":14,"8":14,"9":1},"f":{"0":18,"1":18,"2":4},"b":{"0":[0],"1":[0],"2":[0],"3":[4]}}
,"/home/daniel/project Igma/src/repositories/usersRepositories.ts": {"path":"/home/daniel/project Igma/src/repositories/usersRepositories.ts","statementMap":{"0":{"start":{"line":1,"column":0},"end":{"line":1,"column":40}},"1":{"start":{"line":6,"column":4},"end":{"line":6,"column":49}},"2":{"start":{"line":10,"column":4},"end":{"line":10,"column":65}},"3":{"start":{"line":14,"column":4},"end":{"line":17,"column":7}},"4":{"start":{"line":20,"column":0},"end":{"line":20,"column":33}}},"fnMap":{"0":{"name":"(anonymous_7)","decl":{"start":{"line":5,"column":15},"end":{"line":5,"column":25}},"loc":{"start":{"line":5,"column":49},"end":{"line":7,"column":null}}},"1":{"name":"(anonymous_9)","decl":{"start":{"line":9,"column":15},"end":{"line":9,"column":27}},"loc":{"start":{"line":9,"column":39},"end":{"line":11,"column":null}}},"2":{"name":"(anonymous_11)","decl":{"start":{"line":13,"column":15},"end":{"line":13,"column":26}},"loc":{"start":{"line":13,"column":39},"end":{"line":18,"column":null}}}},"branchMap":{},"s":{"0":1,"1":6,"2":9,"3":2,"4":1},"f":{"0":6,"1":9,"2":2},"b":{}}
,"/home/daniel/project Igma/src/routers/usersRoutes.ts": {"path":"/home/daniel/project Igma/src/routers/usersRoutes.ts","statementMap":{"0":{"start":{"line":1,"column":0},"end":{"line":1,"column":33}},"1":{"start":{"line":2,"column":20},"end":{"line":2,"column":28}},"2":{"start":{"line":3,"column":0},"end":{"line":3,"column":65}},"3":{"start":{"line":4,"column":0},"end":{"line":4,"column":62}},"4":{"start":{"line":5,"column":0},"end":{"line":5,"column":56}},"5":{"start":{"line":7,"column":0},"end":{"line":11,"column":2}},"6":{"start":{"line":9,"column":22},"end":{"line":9,"column":77}},"7":{"start":{"line":10,"column":16},"end":{"line":10,"column":54}},"8":{"start":{"line":12,"column":0},"end":{"line":12,"column":76}},"9":{"start":{"line":12,"column":35},"end":{"line":12,"column":74}},"10":{"start":{"line":13,"column":0},"end":{"line":15,"column":2}},"11":{"start":{"line":14,"column":2},"end":{"line":14,"column":45}},"12":{"start":{"line":16,"column":0},"end":{"line":16,"column":27}}},"fnMap":{"0":{"name":"(anonymous_1)","decl":{"start":{"line":9,"column":2},"end":{"line":9,"column":3}},"loc":{"start":{"line":9,"column":22},"end":{"line":9,"column":77}}},"1":{"name":"(anonymous_2)","decl":{"start":{"line":10,"column":2},"end":{"line":10,"column":3}},"loc":{"start":{"line":10,"column":16},"end":{"line":10,"column":54}}},"2":{"name":"(anonymous_3)","decl":{"start":{"line":12,"column":21},"end":{"line":12,"column":22}},"loc":{"start":{"line":12,"column":35},"end":{"line":12,"column":74}}},"3":{"name":"(anonymous_4)","decl":{"start":{"line":13,"column":24},"end":{"line":13,"column":25}},"loc":{"start":{"line":14,"column":2},"end":{"line":14,"column":45}}}},"branchMap":{},"s":{"0":1,"1":1,"2":1,"3":1,"4":1,"5":1,"6":18,"7":14,"8":1,"9":4,"10":1,"11":3,"12":1},"f":{"0":18,"1":14,"2":4,"3":3},"b":{}}
,"/home/daniel/project Igma/src/schemas/joiSchemas.ts": {"path":"/home/daniel/project Igma/src/schemas/joiSchemas.ts","statementMap":{"0":{"start":{"line":1,"column":0},"end":{"line":1,"column":22}},"1":{"start":{"line":5,"column":13},"end":{"line":9,"column":3}}},"fnMap":{},"branchMap":{},"s":{"0":1,"1":1},"f":{},"b":{}}
,"/home/daniel/project Igma/src/services/cpfServices.ts": {"path":"/home/daniel/project Igma/src/services/cpfServices.ts","statementMap":{"0":{"start":{"line":2,"column":10},"end":{"line":2,"column":62}},"1":{"start":{"line":3,"column":10},"end":{"line":3,"column":61}},"2":{"start":{"line":5,"column":4},"end":{"line":8,"column":6}},"3":{"start":{"line":12,"column":4},"end":{"line":14,"column":null}},"4":{"start":{"line":13,"column":6},"end":{"line":13,"column":25}},"5":{"start":{"line":15,"column":22},"end":{"line":15,"column":51}},"6":{"start":{"line":16,"column":4},"end":{"line":16,"column":35}},"7":{"start":{"line":17,"column":4},"end":{"line":17,"column":42}},"8":{"start":{"line":21,"column":4},"end":{"line":23,"column":null}},"9":{"start":{"line":22,"column":6},"end":{"line":22,"column":54}},"10":{"start":{"line":24,"column":4},"end":{"line":26,"column":7}},"11":{"start":{"line":25,"column":6},"end":{"line":25,"column":29}},"12":{"start":{"line":30,"column":22},"end":{"line":30,"column":38}},"13":{"start":{"line":31,"column":28},"end":{"line":33,"column":6}},"14":{"start":{"line":32,"column":6},"end":{"line":32,"column":56}},"15":{"start":{"line":34,"column":29},"end":{"line":36,"column":6}},"16":{"start":{"line":35,"column":6},"end":{"line":35,"column":27}},"17":{"start":{"line":37,"column":17},"end":{"line":37,"column":40}},"18":{"start":{"line":38,"column":4},"end":{"line":38,"column":22}},"19":{"start":{"line":39,"column":4},"end":{"line":39,"column":27}},"20":{"start":{"line":40,"column":4},"end":{"line":40,"column":30}},"21":{"start":{"line":42,"column":4},"end":{"line":42,"column":44}},"22":{"start":{"line":43,"column":4},"end":{"line":49,"column":null}},"23":{"start":{"line":44,"column":6},"end":{"line":46,"column":null}},"24":{"start":{"line":45,"column":8},"end":{"line":45,"column":27}},"25":{"start":{"line":47,"column":11},"end":{"line":49,"column":null}},"26":{"start":{"line":48,"column":6},"end":{"line":48,"column":25}},"27":{"start":{"line":50,"column":4},"end":{"line":50,"column":27}},"28":{"start":{"line":51,"column":38},"end":{"line":53,"column":6}},"29":{"start":{"line":52,"column":6},"end":{"line":52,"column":52}},"30":{"start":{"line":54,"column":41},"end":{"line":57,"column":null}},"31":{"start":{"line":56,"column":8},"end":{"line":56,"column":29}},"32":{"start":{"line":59,"column":4},"end":{"line":59,"column":46}},"33":{"start":{"line":60,"column":28},"end":{"line":60,"column":61}},"34":{"start":{"line":61,"column":4},"end":{"line":67,"column":null}},"35":{"start":{"line":62,"column":6},"end":{"line":64,"column":null}},"36":{"start":{"line":63,"column":8},"end":{"line":63,"column":27}},"37":{"start":{"line":65,"column":11},"end":{"line":67,"column":null}},"38":{"start":{"line":66,"column":6},"end":{"line":66,"column":25}},"39":{"start":{"line":70,"column":4},"end":{"line":80,"column":17}},"40":{"start":{"line":70,"column":27},"end":{"line":70,"column":38}},"41":{"start":{"line":72,"column":6},"end":{"line":80,"column":17}},"42":{"start":{"line":1,"column":0},"end":{"line":1,"column":21}}},"fnMap":{"0":{"name":"(anonymous_7)","decl":{"start":{"line":1,"column":0},"end":{"line":1,"column":21}},"loc":{"start":{"line":1,"column":0},"end":{"line":82,"column":1}}},"1":{"name":"(anonymous_8)","decl":{"start":{"line":4,"column":10},"end":{"line":4,"column":21}},"loc":{"start":{"line":4,"column":21},"end":{"line":9,"column":3}}},"2":{"name":"(anonymous_9)","decl":{"start":{"line":11,"column":15},"end":{"line":11,"column":31}},"loc":{"start":{"line":11,"column":43},"end":{"line":18,"column":null}}},"3":{"name":"(anonymous_11)","decl":{"start":{"line":20,"column":9},"end":{"line":20,"column":28}},"loc":{"start":{"line":20,"column":40},"end":{"line":27,"column":3}}},"4":{"name":"(anonymous_12)","decl":{"start":{"line":24,"column":29},"end":{"line":24,"column":30}},"loc":{"start":{"line":24,"column":41},"end":{"line":26,"column":5}}},"5":{"name":"(anonymous_13)","decl":{"start":{"line":29,"column":9},"end":{"line":29,"column":23}},"loc":{"start":{"line":29,"column":37},"end":{"line":68,"column":3}}},"6":{"name":"(anonymous_14)","decl":{"start":{"line":31,"column":36},"end":{"line":31,"column":37}},"loc":{"start":{"line":31,"column":56},"end":{"line":33,"column":5}}},"7":{"name":"(anonymous_15)","decl":{"start":{"line":34,"column":52},"end":{"line":34,"column":53}},"loc":{"start":{"line":34,"column":69},"end":{"line":36,"column":5}}},"8":{"name":"(anonymous_16)","decl":{"start":{"line":51,"column":46},"end":{"line":51,"column":47}},"loc":{"start":{"line":51,"column":66},"end":{"line":53,"column":5}}},"9":{"name":"(anonymous_17)","decl":{"start":{"line":55,"column":6},"end":{"line":55,"column":7}},"loc":{"start":{"line":55,"column":23},"end":{"line":57,"column":7}}},"10":{"name":"(anonymous_18)","decl":{"start":{"line":69,"column":9},"end":{"line":69,"column":29}},"loc":{"start":{"line":69,"column":41},"end":{"line":81,"column":3}}}},"branchMap":{"0":{"loc":{"start":{"line":12,"column":4},"end":{"line":14,"column":null}},"type":"if","locations":[{"start":{"line":12,"column":4},"end":{"line":14,"column":null}}]},"1":{"loc":{"start":{"line":21,"column":4},"end":{"line":23,"column":null}},"type":"if","locations":[{"start":{"line":21,"column":4},"end":{"line":23,"column":null}}]},"2":{"loc":{"start":{"line":43,"column":4},"end":{"line":49,"column":null}},"type":"if","locations":[{"start":{"line":43,"column":4},"end":{"line":49,"column":null}},{"start":{"line":47,"column":11},"end":{"line":49,"column":null}}]},"3":{"loc":{"start":{"line":44,"column":6},"end":{"line":46,"column":null}},"type":"if","locations":[{"start":{"line":44,"column":6},"end":{"line":46,"column":null}}]},"4":{"loc":{"start":{"line":47,"column":11},"end":{"line":49,"column":null}},"type":"if","locations":[{"start":{"line":47,"column":11},"end":{"line":49,"column":null}}]},"5":{"loc":{"start":{"line":61,"column":4},"end":{"line":67,"column":null}},"type":"if","locations":[{"start":{"line":61,"column":4},"end":{"line":67,"column":null}},{"start":{"line":65,"column":11},"end":{"line":67,"column":null}}]},"6":{"loc":{"start":{"line":62,"column":6},"end":{"line":64,"column":null}},"type":"if","locations":[{"start":{"line":62,"column":6},"end":{"line":64,"column":null}}]},"7":{"loc":{"start":{"line":65,"column":11},"end":{"line":67,"column":null}},"type":"if","locations":[{"start":{"line":65,"column":11},"end":{"line":67,"column":null}}]},"8":{"loc":{"start":{"line":70,"column":4},"end":{"line":80,"column":17}},"type":"if","locations":[{"start":{"line":70,"column":4},"end":{"line":80,"column":17}},{"start":{"line":72,"column":6},"end":{"line":80,"column":17}}]}},"s":{"0":21,"1":21,"2":8,"3":17,"4":4,"5":13,"6":13,"7":9,"8":13,"9":12,"10":13,"11":143,"12":13,"13":13,"14":117,"15":13,"16":104,"17":13,"18":13,"19":13,"20":13,"21":13,"22":13,"23":2,"24":1,"25":11,"26":1,"27":11,"28":11,"29":110,"30":11,"31":99,"32":11,"33":11,"34":11,"35":1,"36":1,"37":10,"38":1,"39":9,"40":8,"41":1,"42":1},"f":{"0":21,"1":8,"2":17,"3":13,"4":143,"5":13,"6":117,"7":104,"8":110,"9":99,"10":9},"b":{"0":[4],"1":[12],"2":[2,11],"3":[1],"4":[1],"5":[1,10],"6":[1],"7":[1],"8":[8,1]}}
,"/home/daniel/project Igma/src/services/userServices.ts": {"path":"/home/daniel/project Igma/src/services/userServices.ts","statementMap":{"0":{"start":{"line":2,"column":0},"end":{"line":2,"column":69}},"1":{"start":{"line":5,"column":22},"end":{"line":5,"column":39}},"2":{"start":{"line":8,"column":17},"end":{"line":8,"column":53}},"3":{"start":{"line":9,"column":4},"end":{"line":14,"column":null}},"4":{"start":{"line":10,"column":6},"end":{"line":13,"column":8}},"5":{"start":{"line":15,"column":4},"end":{"line":15,"column":44}},"6":{"start":{"line":19,"column":4},"end":{"line":19,"column":55}},"7":{"start":{"line":22,"column":20},"end":{"line":22,"column":34}},"8":{"start":{"line":23,"column":4},"end":{"line":28,"column":null}},"9":{"start":{"line":24,"column":6},"end":{"line":27,"column":8}},"10":{"start":{"line":29,"column":4},"end":{"line":29,"column":52}},"11":{"start":{"line":32,"column":0},"end":{"line":32,"column":29}}},"fnMap":{"0":{"name":"(anonymous_8)","decl":{"start":{"line":5,"column":2},"end":{"line":5,"column":22}},"loc":{"start":{"line":5,"column":62},"end":{"line":5,"column":66}}},"1":{"name":"(anonymous_9)","decl":{"start":{"line":7,"column":15},"end":{"line":7,"column":25}},"loc":{"start":{"line":7,"column":49},"end":{"line":16,"column":null}}},"2":{"name":"(anonymous_11)","decl":{"start":{"line":18,"column":15},"end":{"line":18,"column":27}},"loc":{"start":{"line":18,"column":39},"end":{"line":20,"column":null}}},"3":{"name":"(anonymous_13)","decl":{"start":{"line":21,"column":15},"end":{"line":21,"column":26}},"loc":{"start":{"line":21,"column":39},"end":{"line":30,"column":null}}}},"branchMap":{"0":{"loc":{"start":{"line":5,"column":22},"end":{"line":5,"column":62}},"type":"default-arg","locations":[{"start":{"line":5,"column":39},"end":{"line":5,"column":62}}]},"1":{"loc":{"start":{"line":9,"column":4},"end":{"line":14,"column":null}},"type":"if","locations":[{"start":{"line":9,"column":4},"end":{"line":14,"column":null}}]},"2":{"loc":{"start":{"line":23,"column":4},"end":{"line":28,"column":null}},"type":"if","locations":[{"start":{"line":23,"column":4},"end":{"line":28,"column":null}}]}},"s":{"0":1,"1":21,"2":7,"3":7,"4":1,"5":6,"6":9,"7":3,"8":3,"9":1,"10":2,"11":1},"f":{"0":21,"1":7,"2":9,"3":3},"b":{"0":[21],"1":[1],"2":[1]}}
,"/home/daniel/project Igma/tests/factories/userFactory.ts": {"path":"/home/daniel/project Igma/tests/factories/userFactory.ts","statementMap":{"0":{"start":{"line":1,"column":13},"end":{"line":5,"column":2}},"1":{"start":{"line":6,"column":13},"end":{"line":10,"column":2}},"2":{"start":{"line":11,"column":13},"end":{"line":15,"column":2}},"3":{"start":{"line":16,"column":13},"end":{"line":20,"column":2}},"4":{"start":{"line":21,"column":13},"end":{"line":25,"column":2}},"5":{"start":{"line":26,"column":13},"end":{"line":30,"column":2}},"6":{"start":{"line":31,"column":13},"end":{"line":35,"column":2}},"7":{"start":{"line":36,"column":13},"end":{"line":40,"column":2}},"8":{"start":{"line":41,"column":13},"end":{"line":45,"column":2}},"9":{"start":{"line":46,"column":13},"end":{"line":50,"column":2}},"10":{"start":{"line":51,"column":13},"end":{"line":54,"column":2}},"11":{"start":{"line":55,"column":13},"end":{"line":58,"column":2}},"12":{"start":{"line":59,"column":13},"end":{"line":62,"column":2}},"13":{"start":{"line":63,"column":13},"end":{"line":155,"column":2}}},"fnMap":{},"branchMap":{},"s":{"0":1,"1":1,"2":1,"3":1,"4":1,"5":1,"6":1,"7":1,"8":1,"9":1,"10":1,"11":1,"12":1,"13":1},"f":{},"b":{}}
}
