{"/home/daniel/project Igma/src/database.ts": {"path":"/home/daniel/project Igma/src/database.ts","statementMap":{"0":{"start":{"line":1,"column":0},"end":{"line":1,"column":33}},"1":{"start":{"line":3,"column":25},"end":{"line":3,"column":28}},"2":{"start":{"line":4,"column":13},"end":{"line":4,"column":41}}},"fnMap":{},"branchMap":{},"s":{"0":2,"1":2,"2":2},"f":{},"b":{}}
,"/home/daniel/project Igma/src/repositories/usersRepositories.ts": {"path":"/home/daniel/project Igma/src/repositories/usersRepositories.ts","statementMap":{"0":{"start":{"line":1,"column":0},"end":{"line":1,"column":40}},"1":{"start":{"line":6,"column":4},"end":{"line":6,"column":49}},"2":{"start":{"line":10,"column":4},"end":{"line":10,"column":65}},"3":{"start":{"line":14,"column":4},"end":{"line":17,"column":7}},"4":{"start":{"line":20,"column":0},"end":{"line":20,"column":33}}},"fnMap":{"0":{"name":"(anonymous_7)","decl":{"start":{"line":5,"column":15},"end":{"line":5,"column":25}},"loc":{"start":{"line":5,"column":49},"end":{"line":7,"column":null}}},"1":{"name":"(anonymous_9)","decl":{"start":{"line":9,"column":15},"end":{"line":9,"column":27}},"loc":{"start":{"line":9,"column":39},"end":{"line":11,"column":null}}},"2":{"name":"(anonymous_11)","decl":{"start":{"line":13,"column":15},"end":{"line":13,"column":26}},"loc":{"start":{"line":13,"column":39},"end":{"line":18,"column":null}}}},"branchMap":{},"s":{"0":1,"1":0,"2":0,"3":0,"4":1},"f":{"0":0,"1":0,"2":0},"b":{}}
,"/home/daniel/project Igma/src/services/cpfServices.ts": {"path":"/home/daniel/project Igma/src/services/cpfServices.ts","statementMap":{"0":{"start":{"line":2,"column":10},"end":{"line":2,"column":62}},"1":{"start":{"line":3,"column":10},"end":{"line":3,"column":61}},"2":{"start":{"line":5,"column":4},"end":{"line":8,"column":6}},"3":{"start":{"line":12,"column":4},"end":{"line":14,"column":null}},"4":{"start":{"line":13,"column":6},"end":{"line":13,"column":25}},"5":{"start":{"line":15,"column":22},"end":{"line":15,"column":51}},"6":{"start":{"line":16,"column":4},"end":{"line":16,"column":35}},"7":{"start":{"line":17,"column":4},"end":{"line":17,"column":42}},"8":{"start":{"line":21,"column":4},"end":{"line":23,"column":null}},"9":{"start":{"line":22,"column":6},"end":{"line":22,"column":54}},"10":{"start":{"line":24,"column":4},"end":{"line":26,"column":7}},"11":{"start":{"line":25,"column":6},"end":{"line":25,"column":29}},"12":{"start":{"line":30,"column":22},"end":{"line":30,"column":38}},"13":{"start":{"line":31,"column":4},"end":{"line":31,"column":46}},"14":{"start":{"line":32,"column":4},"end":{"line":32,"column":27}},"15":{"start":{"line":33,"column":4},"end":{"line":33,"column":46}},"16":{"start":{"line":37,"column":28},"end":{"line":39,"column":6}},"17":{"start":{"line":38,"column":6},"end":{"line":38,"column":78}},"18":{"start":{"line":40,"column":29},"end":{"line":42,"column":6}},"19":{"start":{"line":41,"column":6},"end":{"line":41,"column":27}},"20":{"start":{"line":43,"column":17},"end":{"line":43,"column":40}},"21":{"start":{"line":44,"column":4},"end":{"line":50,"column":null}},"22":{"start":{"line":45,"column":6},"end":{"line":47,"column":null}},"23":{"start":{"line":46,"column":8},"end":{"line":46,"column":27}},"24":{"start":{"line":48,"column":11},"end":{"line":50,"column":null}},"25":{"start":{"line":49,"column":6},"end":{"line":49,"column":25}},"26":{"start":{"line":53,"column":4},"end":{"line":63,"column":17}},"27":{"start":{"line":53,"column":27},"end":{"line":53,"column":38}},"28":{"start":{"line":55,"column":6},"end":{"line":63,"column":17}},"29":{"start":{"line":1,"column":0},"end":{"line":1,"column":21}}},"fnMap":{"0":{"name":"(anonymous_7)","decl":{"start":{"line":1,"column":0},"end":{"line":1,"column":21}},"loc":{"start":{"line":1,"column":0},"end":{"line":65,"column":1}}},"1":{"name":"(anonymous_8)","decl":{"start":{"line":4,"column":10},"end":{"line":4,"column":21}},"loc":{"start":{"line":4,"column":21},"end":{"line":9,"column":3}}},"2":{"name":"(anonymous_9)","decl":{"start":{"line":11,"column":15},"end":{"line":11,"column":23}},"loc":{"start":{"line":11,"column":35},"end":{"line":18,"column":null}}},"3":{"name":"(anonymous_11)","decl":{"start":{"line":20,"column":10},"end":{"line":20,"column":29}},"loc":{"start":{"line":20,"column":41},"end":{"line":27,"column":3}}},"4":{"name":"(anonymous_12)","decl":{"start":{"line":24,"column":29},"end":{"line":24,"column":30}},"loc":{"start":{"line":24,"column":41},"end":{"line":26,"column":5}}},"5":{"name":"(anonymous_13)","decl":{"start":{"line":29,"column":10},"end":{"line":29,"column":24}},"loc":{"start":{"line":29,"column":38},"end":{"line":34,"column":3}}},"6":{"name":"(anonymous_14)","decl":{"start":{"line":36,"column":10},"end":{"line":36,"column":24}},"loc":{"start":{"line":36,"column":76},"end":{"line":51,"column":3}}},"7":{"name":"(anonymous_15)","decl":{"start":{"line":37,"column":36},"end":{"line":37,"column":37}},"loc":{"start":{"line":37,"column":53},"end":{"line":39,"column":5}}},"8":{"name":"(anonymous_16)","decl":{"start":{"line":40,"column":52},"end":{"line":40,"column":53}},"loc":{"start":{"line":40,"column":69},"end":{"line":42,"column":5}}},"9":{"name":"(anonymous_17)","decl":{"start":{"line":52,"column":10},"end":{"line":52,"column":30}},"loc":{"start":{"line":52,"column":42},"end":{"line":64,"column":3}}}},"branchMap":{"0":{"loc":{"start":{"line":12,"column":4},"end":{"line":14,"column":null}},"type":"if","locations":[{"start":{"line":12,"column":4},"end":{"line":14,"column":null}}]},"1":{"loc":{"start":{"line":21,"column":4},"end":{"line":23,"column":null}},"type":"if","locations":[{"start":{"line":21,"column":4},"end":{"line":23,"column":null}}]},"2":{"loc":{"start":{"line":38,"column":51},"end":{"line":38,"column":75}},"type":"cond-expr","locations":[{"start":{"line":38,"column":70},"end":{"line":38,"column":71}},{"start":{"line":38,"column":74},"end":{"line":38,"column":75}}]},"3":{"loc":{"start":{"line":44,"column":4},"end":{"line":50,"column":null}},"type":"if","locations":[{"start":{"line":44,"column":4},"end":{"line":50,"column":null}},{"start":{"line":48,"column":11},"end":{"line":50,"column":null}}]},"4":{"loc":{"start":{"line":45,"column":6},"end":{"line":47,"column":null}},"type":"if","locations":[{"start":{"line":45,"column":6},"end":{"line":47,"column":null}}]},"5":{"loc":{"start":{"line":48,"column":11},"end":{"line":50,"column":null}},"type":"if","locations":[{"start":{"line":48,"column":11},"end":{"line":50,"column":null}}]},"6":{"loc":{"start":{"line":53,"column":4},"end":{"line":63,"column":17}},"type":"if","locations":[{"start":{"line":53,"column":4},"end":{"line":63,"column":17}},{"start":{"line":55,"column":6},"end":{"line":63,"column":17}}]}},"s":{"0":1,"1":1,"2":3,"3":5,"4":1,"5":4,"6":4,"7":2,"8":4,"9":3,"10":4,"11":44,"12":4,"13":4,"14":3,"15":3,"16":7,"17":66,"18":7,"19":59,"20":7,"21":7,"22":1,"23":1,"24":6,"25":1,"26":2,"27":1,"28":1,"29":1},"f":{"0":1,"1":3,"2":5,"3":4,"4":44,"5":4,"6":7,"7":66,"8":59,"9":2},"b":{"0":[1],"1":[3],"2":[36,30],"3":[1,6],"4":[1],"5":[1],"6":[1,1]}}
,"/home/daniel/project Igma/src/services/userServices.ts": {"path":"/home/daniel/project Igma/src/services/userServices.ts","statementMap":{"0":{"start":{"line":3,"column":0},"end":{"line":3,"column":69}},"1":{"start":{"line":6,"column":22},"end":{"line":6,"column":39}},"2":{"start":{"line":9,"column":17},"end":{"line":9,"column":53}},"3":{"start":{"line":10,"column":4},"end":{"line":15,"column":null}},"4":{"start":{"line":11,"column":6},"end":{"line":14,"column":8}},"5":{"start":{"line":16,"column":4},"end":{"line":16,"column":44}},"6":{"start":{"line":20,"column":4},"end":{"line":20,"column":55}},"7":{"start":{"line":23,"column":20},"end":{"line":23,"column":34}},"8":{"start":{"line":24,"column":4},"end":{"line":29,"column":null}},"9":{"start":{"line":25,"column":6},"end":{"line":28,"column":8}},"10":{"start":{"line":31,"column":4},"end":{"line":31,"column":58}},"11":{"start":{"line":34,"column":0},"end":{"line":34,"column":29}}},"fnMap":{"0":{"name":"(anonymous_8)","decl":{"start":{"line":6,"column":2},"end":{"line":6,"column":22}},"loc":{"start":{"line":6,"column":62},"end":{"line":6,"column":66}}},"1":{"name":"(anonymous_9)","decl":{"start":{"line":8,"column":15},"end":{"line":8,"column":25}},"loc":{"start":{"line":8,"column":49},"end":{"line":17,"column":null}}},"2":{"name":"(anonymous_11)","decl":{"start":{"line":19,"column":15},"end":{"line":19,"column":27}},"loc":{"start":{"line":19,"column":39},"end":{"line":21,"column":null}}},"3":{"name":"(anonymous_13)","decl":{"start":{"line":22,"column":15},"end":{"line":22,"column":26}},"loc":{"start":{"line":22,"column":39},"end":{"line":32,"column":null}}}},"branchMap":{"0":{"loc":{"start":{"line":6,"column":22},"end":{"line":6,"column":62}},"type":"default-arg","locations":[{"start":{"line":6,"column":39},"end":{"line":6,"column":62}}]},"1":{"loc":{"start":{"line":10,"column":4},"end":{"line":15,"column":null}},"type":"if","locations":[{"start":{"line":10,"column":4},"end":{"line":15,"column":null}}]},"2":{"loc":{"start":{"line":24,"column":4},"end":{"line":29,"column":null}},"type":"if","locations":[{"start":{"line":24,"column":4},"end":{"line":29,"column":null}}]}},"s":{"0":1,"1":1,"2":2,"3":2,"4":1,"5":1,"6":1,"7":1,"8":1,"9":0,"10":1,"11":1},"f":{"0":1,"1":2,"2":1,"3":1},"b":{"0":[1],"1":[1],"2":[0]}}
,"/home/daniel/project Igma/tests/factories/userFactory.ts": {"path":"/home/daniel/project Igma/tests/factories/userFactory.ts","statementMap":{"0":{"start":{"line":1,"column":13},"end":{"line":5,"column":2}},"1":{"start":{"line":6,"column":13},"end":{"line":10,"column":2}},"2":{"start":{"line":11,"column":13},"end":{"line":15,"column":2}},"3":{"start":{"line":16,"column":13},"end":{"line":20,"column":2}},"4":{"start":{"line":21,"column":13},"end":{"line":25,"column":2}},"5":{"start":{"line":26,"column":13},"end":{"line":30,"column":2}},"6":{"start":{"line":31,"column":13},"end":{"line":35,"column":2}},"7":{"start":{"line":36,"column":13},"end":{"line":40,"column":2}},"8":{"start":{"line":41,"column":13},"end":{"line":45,"column":2}},"9":{"start":{"line":46,"column":13},"end":{"line":50,"column":2}},"10":{"start":{"line":51,"column":13},"end":{"line":54,"column":2}},"11":{"start":{"line":55,"column":13},"end":{"line":58,"column":2}},"12":{"start":{"line":59,"column":13},"end":{"line":62,"column":2}},"13":{"start":{"line":63,"column":13},"end":{"line":155,"column":2}}},"fnMap":{},"branchMap":{},"s":{"0":1,"1":1,"2":1,"3":1,"4":1,"5":1,"6":1,"7":1,"8":1,"9":1,"10":1,"11":1,"12":1,"13":1},"f":{},"b":{}}
}
