TN:
SF:src/app.ts
FN:12,(anonymous_1)
FNF:1
FNH:1
FNDA:8,(anonymous_1)
DA:1,1
DA:2,1
DA:3,1
DA:4,1
DA:6,1
DA:8,1
DA:9,1
DA:10,1
DA:11,1
DA:12,1
DA:13,8
DA:16,1
LF:12
LH:12
BRF:0
BRH:0
end_of_record
TN:
SF:src/database.ts
FNF:0
FNH:0
DA:1,1
DA:3,1
DA:4,1
LF:3
LH:3
BRF:0
BRH:0
end_of_record
TN:
SF:src/controllers/usersControllers.ts
FN:11,(anonymous_8)
FN:16,(anonymous_9)
FN:24,(anonymous_11)
FN:43,(anonymous_13)
FNF:4
FNH:2
FNDA:7,(anonymous_8)
FNDA:7,(anonymous_9)
FNDA:0,(anonymous_11)
FNDA:0,(anonymous_13)
DA:2,1
DA:3,1
DA:12,7
DA:13,7
DA:17,7
DA:18,7
DA:19,4
DA:20,4
DA:21,3
DA:25,0
DA:26,0
DA:27,0
DA:32,0
DA:33,0
DA:34,0
DA:35,0
DA:40,0
DA:44,0
DA:45,0
DA:46,0
DA:50,1
LF:21
LH:10
BRDA:12,0,0,7
BRDA:13,1,0,7
BRDA:26,2,0,0
BRDA:34,3,0,0
BRF:4
BRH:2
end_of_record
TN:
SF:src/middlewares/errorHandler.ts
FN:2,(anonymous_0)
FN:4,(anonymous_1)
FNF:2
FNH:2
FNDA:8,(anonymous_0)
FNDA:8,(anonymous_1)
DA:1,1
DA:2,8
DA:5,8
DA:7,8
DA:8,0
DA:9,8
DA:10,0
DA:11,8
DA:12,1
DA:13,7
DA:14,7
DA:15,0
DA:16,0
LF:13
LH:9
BRDA:2,0,0,0
BRDA:2,1,0,0
BRDA:2,2,0,0
BRDA:7,3,0,0
BRDA:9,4,0,0
BRDA:11,5,0,1
BRDA:13,6,0,7
BRF:7
BRH:2
end_of_record
TN:
SF:src/middlewares/schemaVerifier.ts
FN:2,(anonymous_0)
FN:4,(anonymous_1)
FN:10,(anonymous_2)
FNF:3
FNH:3
FNDA:11,(anonymous_0)
FNDA:11,(anonymous_1)
FNDA:4,(anonymous_2)
DA:1,1
DA:2,11
DA:5,11
DA:6,11
DA:7,4
DA:10,4
DA:14,7
LF:7
LH:7
BRDA:2,0,0,0
BRDA:2,1,0,0
BRDA:2,2,0,0
BRDA:6,3,0,4
BRF:4
BRH:1
end_of_record
TN:
SF:src/repositories/usersRepositories.ts
FN:5,(anonymous_7)
FN:9,(anonymous_9)
FN:13,(anonymous_11)
FNF:3
FNH:2
FNDA:3,(anonymous_7)
FNDA:4,(anonymous_9)
FNDA:0,(anonymous_11)
DA:1,1
DA:6,3
DA:10,4
DA:14,0
DA:20,1
LF:5
LH:4
BRF:0
BRH:0
end_of_record
TN:
SF:src/routers/usersRoutes.ts
FN:9,(anonymous_1)
FN:10,(anonymous_2)
FN:12,(anonymous_3)
FN:13,(anonymous_4)
FNF:4
FNH:2
FNDA:11,(anonymous_1)
FNDA:7,(anonymous_2)
FNDA:0,(anonymous_3)
FNDA:0,(anonymous_4)
DA:1,1
DA:2,1
DA:3,1
DA:4,1
DA:5,1
DA:7,1
DA:9,11
DA:10,7
DA:12,1
DA:13,1
DA:14,0
DA:16,1
LF:12
LH:11
BRF:0
BRH:0
end_of_record
TN:
SF:src/schemas/joiSchemas.ts
FNF:0
FNH:0
DA:1,1
DA:5,1
LF:2
LH:2
BRF:0
BRH:0
end_of_record
TN:
SF:src/services/cpfServices.ts
FN:1,(anonymous_7)
FN:4,(anonymous_8)
FN:11,(anonymous_9)
FN:20,(anonymous_11)
FN:24,(anonymous_12)
FN:29,(anonymous_13)
FN:31,(anonymous_14)
FN:34,(anonymous_15)
FN:51,(anonymous_16)
FN:55,(anonymous_17)
FN:69,(anonymous_18)
FNF:11
FNH:11
FNDA:7,(anonymous_7)
FNDA:3,(anonymous_8)
FNDA:7,(anonymous_9)
FNDA:4,(anonymous_11)
FNDA:44,(anonymous_12)
FNDA:4,(anonymous_13)
FNDA:36,(anonymous_14)
FNDA:32,(anonymous_15)
FNDA:40,(anonymous_16)
FNDA:36,(anonymous_17)
FNDA:4,(anonymous_18)
DA:1,1
DA:2,7
DA:3,7
DA:5,3
DA:12,7
DA:13,3
DA:15,4
DA:16,4
DA:17,4
DA:21,4
DA:22,3
DA:24,4
DA:25,44
DA:30,4
DA:31,4
DA:32,36
DA:34,4
DA:35,32
DA:37,4
DA:38,4
DA:39,4
DA:40,4
DA:42,4
DA:43,4
DA:44,0
DA:45,0
DA:47,4
DA:48,0
DA:50,4
DA:51,4
DA:52,40
DA:54,4
DA:56,36
DA:59,4
DA:60,4
DA:61,4
DA:62,0
DA:63,0
DA:65,4
DA:66,0
DA:70,4
DA:72,1
LF:42
LH:36
BRDA:12,0,0,3
BRDA:21,1,0,3
BRDA:43,2,0,0
BRDA:43,2,1,4
BRDA:44,3,0,0
BRDA:47,4,0,0
BRDA:61,5,0,0
BRDA:61,5,1,4
BRDA:62,6,0,0
BRDA:65,7,0,0
BRDA:70,8,0,3
BRDA:70,8,1,1
BRF:12
BRH:6
end_of_record
TN:
SF:src/services/userServices.ts
FN:5,(anonymous_8)
FN:7,(anonymous_9)
FN:18,(anonymous_11)
FN:21,(anonymous_13)
FNF:4
FNH:3
FNDA:7,(anonymous_8)
FNDA:4,(anonymous_9)
FNDA:4,(anonymous_11)
FNDA:0,(anonymous_13)
DA:2,1
DA:5,7
DA:8,4
DA:9,4
DA:10,1
DA:15,3
DA:19,4
DA:22,0
DA:23,0
DA:24,0
DA:29,0
DA:32,1
LF:12
LH:8
BRDA:5,0,0,7
BRDA:9,1,0,1
BRDA:23,2,0,0
BRF:3
BRH:2
end_of_record
TN:
SF:tests/factories/userFactory.ts
FNF:0
FNH:0
DA:1,1
DA:6,1
DA:11,1
DA:16,1
DA:21,1
DA:26,1
DA:31,1
DA:35,1
DA:39,1
LF:9
LH:9
BRF:0
BRH:0
end_of_record
