TN:
SF:src/database.ts
FNF:0
FNH:0
DA:1,2
DA:3,2
DA:4,2
LF:3
LH:3
BRF:0
BRH:0
end_of_record
TN:
SF:src/repositories/usersRepositories.ts
FN:5,(anonymous_7)
FN:9,(anonymous_9)
FN:13,(anonymous_11)
FNF:3
FNH:0
FNDA:0,(anonymous_7)
FNDA:0,(anonymous_9)
FNDA:0,(anonymous_11)
DA:1,1
DA:6,0
DA:10,0
DA:14,0
DA:20,1
LF:5
LH:2
BRF:0
BRH:0
end_of_record
TN:
SF:src/services/userServices.ts
FN:6,(anonymous_8)
FN:8,(anonymous_9)
FN:19,(anonymous_11)
FN:22,(anonymous_13)
FNF:4
FNH:4
FNDA:1,(anonymous_8)
FNDA:2,(anonymous_9)
FNDA:1,(anonymous_11)
FNDA:1,(anonymous_13)
DA:3,1
DA:6,1
DA:9,2
DA:10,2
DA:11,1
DA:16,1
DA:20,1
DA:23,1
DA:24,1
DA:25,0
DA:31,1
DA:34,1
LF:12
LH:11
BRDA:6,0,0,1
BRDA:10,1,0,1
BRDA:24,2,0,0
BRF:3
BRH:2
end_of_record
TN:
SF:tests/factories/userFactory.ts
FNF:0
FNH:0
DA:1,1
DA:6,1
DA:11,1
DA:16,1
DA:21,1
DA:26,1
DA:31,1
DA:36,1
DA:41,1
DA:46,1
DA:51,1
DA:55,1
DA:59,1
DA:63,1
LF:14
LH:14
BRF:0
BRH:0
end_of_record
